0 info it worked if it ends with ok
1 verbose cli [ 'C:\\Program Files\\nodejs\\node.exe',
1 verbose cli   'C:\\Program Files\\nodejs\\node_modules\\npm\\bin\\npm-cli.js',
1 verbose cli   'run',
1 verbose cli   'dev' ]
2 info using npm@3.3.12
3 info using node@v5.1.0
4 verbose run-script [ 'predev', 'dev', 'postdev' ]
5 info lifecycle vue-boilerplate@1.0.0~predev: vue-boilerplate@1.0.0
6 silly lifecycle vue-boilerplate@1.0.0~predev: no script for predev, continuing
7 info lifecycle vue-boilerplate@1.0.0~dev: vue-boilerplate@1.0.0
8 verbose lifecycle vue-boilerplate@1.0.0~dev: unsafe-perm in lifecycle true
9 verbose lifecycle vue-boilerplate@1.0.0~dev: PATH: C:\Program Files\nodejs\node_modules\npm\bin\node-gyp-bin;C:\Users\NEOIT\Desktop\vue-boilerplate\node_modules\.bin;C:\Users\NEOIT\bin;C:\Program Files\Git\mingw64\bin;C:\Program Files\Git\usr\local\bin;C:\Program Files\Git\usr\bin;C:\Program Files\Git\usr\bin;C:\Program Files\Git\mingw64\bin;C:\Program Files\Git\usr\bin;C:\Program Files (x86)\ActiveState Komodo Edit 9;C:\Python27;C:\Python27\Scripts;C:\ProgramData\Oracle\Java\javapath;C:\WINDOWS\system32;C:\WINDOWS;C:\WINDOWS\System32\Wbem;C:\WINDOWS\System32\WindowsPowerShell\v1.0;C:\HashiCorp\Vagrant\bin;C:\Program Files (x86)\EmEditor;C:\Program Files (x86)\Windows Kits\8.1\Windows Performance Toolkit;C:\Program Files\Microsoft SQL Server\110\Tools\Binn;C:\Program Files (x86)\Microsoft SDKs\TypeScript\1.0;C:\Program Files\Microsoft SQL Server\120\Tools\Binn;C:\Program Files\Amazon\AWSCLI;C:\Program Files\nodejs;C:\Program Files (x86)\Skype\Phone;C:\jruby-9.0.3.0\bin;C:\Users\NEOIT\AppData\Local\Programs\Python\Python35-32\Scripts;C:\Users\NEOIT\AppData\Local\Programs\Python\Python35-32;C:\Users\NEOIT\AppData\Local\Google\Cloud SDK\google-cloud-sdk\bin;C:\Program Files\Amazon\AWSCLI;C:\Users\NEOIT\AppData\Roaming\npm;C:\php;C:\Program Files\Git\usr\bin\vendor_perl;C:\Program Files\Git\usr\bin\core_perl
10 verbose lifecycle vue-boilerplate@1.0.0~dev: CWD: C:\Users\NEOIT\Desktop\vue-boilerplate
11 silly lifecycle vue-boilerplate@1.0.0~dev: Args: [ '/d /s /c',
11 silly lifecycle   'webpack-dev-server --hot --quiet --history-api-fallback --host 0.0.0.0' ]
12 silly lifecycle vue-boilerplate@1.0.0~dev: Returned: code: 1  signal: null
13 info lifecycle vue-boilerplate@1.0.0~dev: Failed to exec dev script
14 verbose stack Error: vue-boilerplate@1.0.0 dev: `webpack-dev-server --hot --quiet --history-api-fallback --host 0.0.0.0`
14 verbose stack Exit status 1
14 verbose stack     at EventEmitter.<anonymous> (C:\Program Files\nodejs\node_modules\npm\lib\utils\lifecycle.js:232:16)
14 verbose stack     at emitTwo (events.js:87:13)
14 verbose stack     at EventEmitter.emit (events.js:172:7)
14 verbose stack     at ChildProcess.<anonymous> (C:\Program Files\nodejs\node_modules\npm\lib\utils\spawn.js:24:14)
14 verbose stack     at emitTwo (events.js:87:13)
14 verbose stack     at ChildProcess.emit (events.js:172:7)
14 verbose stack     at maybeClose (internal/child_process.js:818:16)
14 verbose stack     at Process.ChildProcess._handle.onexit (internal/child_process.js:211:5)
15 verbose pkgid vue-boilerplate@1.0.0
16 verbose cwd C:\Users\NEOIT\Desktop\vue-boilerplate
17 error Windows_NT 10.0.10240
18 error argv "C:\\Program Files\\nodejs\\node.exe" "C:\\Program Files\\nodejs\\node_modules\\npm\\bin\\npm-cli.js" "run" "dev"
19 error node v5.1.0
20 error npm  v3.3.12
21 error code ELIFECYCLE
22 error vue-boilerplate@1.0.0 dev: `webpack-dev-server --hot --quiet --history-api-fallback --host 0.0.0.0`
22 error Exit status 1
23 error Failed at the vue-boilerplate@1.0.0 dev script 'webpack-dev-server --hot --quiet --history-api-fallback --host 0.0.0.0'.
23 error Make sure you have the latest version of node.js and npm installed.
23 error If you do, this is most likely a problem with the vue-boilerplate package,
23 error not with npm itself.
23 error Tell the author that this fails on your system:
23 error     webpack-dev-server --hot --quiet --history-api-fallback --host 0.0.0.0
23 error You can get their info via:
23 error     npm owner ls vue-boilerplate
23 error There is likely additional logging output above.
24 verbose exit [ 1, true ]
